<?xml version="1.0" encoding="UTF-8" standalone="no"?>
<testsuite errors="0" failures="1" name="io.cucumber.core.plugin.JUnitFormatter" skipped="0" tests="1" time="0.372">
    <testcase classname="Google Search" name="Search a keyword and get the contents" time="0.018">
        <failure message="The scenario has pending or undefined step(s)" type="java.lang.Exception">
            <![CDATA[Given internet is available.................................................undefined
Then Choose search engine "google"..........................................undefined
And search a keyword "jetbrains"............................................undefined
And capture some info from its wikipedia....................................undefined
And Exit....................................................................undefined
]]>
        </failure>
    </testcase>
</testsuite>
